[Thu Mar 01 21:01:54.881182 2018] [auth_digest:notice] [pid 19104:tid 680] AH01757: generating secret for digest authentication ...
[Thu Mar 01 21:01:54.972754 2018] [mpm_winnt:notice] [pid 19104:tid 680] AH00455: Apache/2.4.18 (Win64) PHP/7.2.2 configured -- resuming normal operations
[Thu Mar 01 21:01:54.972754 2018] [mpm_winnt:notice] [pid 19104:tid 680] AH00456: Apache Lounge VC14 Server built: Dec  9 2015 11:13:29
[Thu Mar 01 21:01:54.972754 2018] [core:notice] [pid 19104:tid 680] AH00094: Command line: 'c:\\wamp\\bin\\apache\\apache2.4.18\\bin\\httpd.exe -d C:/wamp/bin/apache/apache2.4.18'
[Thu Mar 01 21:01:55.003331 2018] [mpm_winnt:notice] [pid 19104:tid 680] AH00418: Parent: Created child process 24524
[Thu Mar 01 21:01:55.582403 2018] [auth_digest:notice] [pid 24524:tid 592] AH01757: generating secret for digest authentication ...
[Thu Mar 01 21:01:55.658459 2018] [mpm_winnt:notice] [pid 24524:tid 592] AH00354: Child: Starting 64 worker threads.
2018-03-01T20:02:21+00:00 [critical] Uncaught Exception: No route found for "GET /app_dev.php"
2018-03-01T20:20:56+00:00 [info] Matched route "index".
2018-03-01T20:24:19+00:00 [info] Matched route "app_naty_homepage".
2018-03-01T20:51:40+00:00 [info] Matched route "app_naty_homepage".
2018-03-01T20:56:10+00:00 [info] Matched route "app_naty_homepage".
2018-03-01T20:56:10+00:00 [critical] Uncaught PHP Exception Twig_Error_Syntax: "A template that extends another one cannot include contents outside Twig blocks. Did you forget to put the contents inside a {% block %} tag?" at C:\stoupa101.cz\nasto\templates\naty\homepage.html.twig line 2
2018-03-01T20:56:52+00:00 [info] Matched route "app_naty_homepage".
2018-03-01T21:04:58+00:00 [info] Matched route "app_naty_homepage".
2018-03-01T21:04:58+00:00 [debug] Notified event "kernel.request" to listener "Symfony\Component\HttpKernel\EventListener\DebugHandlersListener::configure".
2018-03-01T21:04:58+00:00 [debug] Notified event "kernel.request" to listener "Symfony\Component\HttpKernel\EventListener\ValidateRequestListener::onKernelRequest".
2018-03-01T21:04:58+00:00 [debug] Notified event "kernel.request" to listener "Symfony\Component\HttpKernel\EventListener\SessionListener::onKernelRequest".
2018-03-01T21:04:58+00:00 [debug] Notified event "kernel.request" to listener "Symfony\Component\HttpKernel\EventListener\RouterListener::onKernelRequest".
2018-03-01T21:04:58+00:00 [debug] Notified event "kernel.request" to listener "Symfony\Bundle\FrameworkBundle\EventListener\ResolveControllerNameSubscriber::onKernelRequest".
2018-03-01T21:04:58+00:00 [debug] Notified event "kernel.request" to listener "Symfony\Component\HttpKernel\EventListener\LocaleListener::onKernelRequest".
2018-03-01T21:04:58+00:00 [debug] Notified event "kernel.controller" to listener "Symfony\Bundle\FrameworkBundle\DataCollector\RouterDataCollector::onKernelController".
2018-03-01T21:04:58+00:00 [debug] Notified event "kernel.controller" to listener "Symfony\Bundle\FrameworkBundle\DataCollector\RequestDataCollector::onKernelController".
2018-03-01T21:04:58+00:00 [debug] Notified event "kernel.controller" to listener "Sensio\Bundle\FrameworkExtraBundle\EventListener\ControllerListener::onKernelController".
2018-03-01T21:04:58+00:00 [debug] Notified event "kernel.controller" to listener "Sensio\Bundle\FrameworkExtraBundle\EventListener\ParamConverterListener::onKernelController".
2018-03-01T21:04:58+00:00 [debug] Notified event "kernel.controller" to listener "Sensio\Bundle\FrameworkExtraBundle\EventListener\HttpCacheListener::onKernelController".
2018-03-01T21:04:58+00:00 [debug] Notified event "kernel.controller" to listener "Sensio\Bundle\FrameworkExtraBundle\EventListener\TemplateListener::onKernelController".
2018-03-01T21:04:58+00:00 [debug] Notified event "kernel.controller_arguments" to listener "Sensio\Bundle\FrameworkExtraBundle\EventListener\IsGrantedListener::onKernelControllerArguments".
2018-03-01T21:04:59+00:00 [debug] Notified event "kernel.response" to listener "Symfony\Component\HttpKernel\EventListener\ResponseListener::onKernelResponse".
2018-03-01T21:04:59+00:00 [debug] Notified event "kernel.response" to listener "Symfony\Bundle\FrameworkBundle\DataCollector\RequestDataCollector::onKernelResponse".
2018-03-01T21:04:59+00:00 [debug] Notified event "kernel.response" to listener "Sensio\Bundle\FrameworkExtraBundle\EventListener\HttpCacheListener::onKernelResponse".
2018-03-01T21:04:59+00:00 [debug] Notified event "kernel.response" to listener "Symfony\Component\HttpKernel\EventListener\ProfilerListener::onKernelResponse".
2018-03-01T21:04:59+00:00 [debug] Notified event "kernel.response" to listener "Symfony\Bundle\WebProfilerBundle\EventListener\WebDebugToolbarListener::onKernelResponse".
2018-03-01T21:04:59+00:00 [debug] Notified event "kernel.response" to listener "Symfony\Component\HttpKernel\EventListener\SessionListener::onKernelResponse".
2018-03-01T21:04:59+00:00 [debug] Notified event "kernel.response" to listener "Symfony\Component\HttpKernel\EventListener\SaveSessionListener::onKernelResponse".
2018-03-01T21:04:59+00:00 [debug] Notified event "kernel.response" to listener "Symfony\Component\HttpKernel\EventListener\StreamedResponseListener::onKernelResponse".
2018-03-01T21:04:59+00:00 [debug] Notified event "kernel.finish_request" to listener "Symfony\Component\HttpKernel\EventListener\LocaleListener::onKernelFinishRequest".
2018-03-01T21:04:59+00:00 [debug] Notified event "kernel.finish_request" to listener "Symfony\Component\HttpKernel\EventListener\RouterListener::onKernelFinishRequest".
2018-03-01T21:04:59+00:00 [debug] Notified event "kernel.terminate" to listener "Symfony\Component\HttpKernel\EventListener\ProfilerListener::onKernelTerminate".
2018-03-01T21:04:59+00:00 [info] Matched route "_wdt".
2018-03-01T21:04:59+00:00 [debug] Notified event "kernel.request" to listener "Symfony\Component\HttpKernel\EventListener\DebugHandlersListener::configure".
2018-03-01T21:04:59+00:00 [debug] Notified event "kernel.request" to listener "Symfony\Component\HttpKernel\EventListener\ValidateRequestListener::onKernelRequest".
2018-03-01T21:04:59+00:00 [debug] Notified event "kernel.request" to listener "Symfony\Component\HttpKernel\EventListener\SessionListener::onKernelRequest".
2018-03-01T21:04:59+00:00 [debug] Notified event "kernel.request" to listener "Symfony\Component\HttpKernel\EventListener\RouterListener::onKernelRequest".
2018-03-01T21:04:59+00:00 [debug] Notified event "kernel.request" to listener "Symfony\Bundle\FrameworkBundle\EventListener\ResolveControllerNameSubscriber::onKernelRequest".
2018-03-01T21:04:59+00:00 [debug] Notified event "kernel.request" to listener "Symfony\Component\HttpKernel\EventListener\LocaleListener::onKernelRequest".
2018-03-01T21:04:59+00:00 [debug] Notified event "kernel.controller" to listener "Symfony\Bundle\FrameworkBundle\DataCollector\RouterDataCollector::onKernelController".
2018-03-01T21:04:59+00:00 [debug] Notified event "kernel.controller" to listener "Symfony\Bundle\FrameworkBundle\DataCollector\RequestDataCollector::onKernelController".
2018-03-01T21:04:59+00:00 [debug] Notified event "kernel.controller" to listener "Sensio\Bundle\FrameworkExtraBundle\EventListener\ControllerListener::onKernelController".
2018-03-01T21:04:59+00:00 [debug] Notified event "kernel.controller" to listener "Sensio\Bundle\FrameworkExtraBundle\EventListener\ParamConverterListener::onKernelController".
2018-03-01T21:04:59+00:00 [debug] Notified event "kernel.controller" to listener "Sensio\Bundle\FrameworkExtraBundle\EventListener\HttpCacheListener::onKernelController".
2018-03-01T21:04:59+00:00 [debug] Notified event "kernel.controller" to listener "Sensio\Bundle\FrameworkExtraBundle\EventListener\TemplateListener::onKernelController".
2018-03-01T21:04:59+00:00 [debug] Notified event "kernel.controller_arguments" to listener "Sensio\Bundle\FrameworkExtraBundle\EventListener\IsGrantedListener::onKernelControllerArguments".
2018-03-01T21:05:01+00:00 [debug] Notified event "kernel.response" to listener "Symfony\Component\HttpKernel\EventListener\ResponseListener::onKernelResponse".
2018-03-01T21:05:01+00:00 [debug] Notified event "kernel.response" to listener "Symfony\Bundle\FrameworkBundle\DataCollector\RequestDataCollector::onKernelResponse".
2018-03-01T21:05:01+00:00 [debug] Notified event "kernel.response" to listener "Sensio\Bundle\FrameworkExtraBundle\EventListener\HttpCacheListener::onKernelResponse".
2018-03-01T21:05:01+00:00 [debug] Notified event "kernel.response" to listener "Symfony\Component\HttpKernel\EventListener\ProfilerListener::onKernelResponse".
2018-03-01T21:05:01+00:00 [debug] Notified event "kernel.response" to listener "Symfony\Bundle\WebProfilerBundle\EventListener\WebDebugToolbarListener::onKernelResponse".
2018-03-01T21:05:01+00:00 [debug] Notified event "kernel.response" to listener "Symfony\Component\HttpKernel\EventListener\SessionListener::onKernelResponse".
2018-03-01T21:05:01+00:00 [debug] Notified event "kernel.response" to listener "Symfony\Component\HttpKernel\EventListener\SaveSessionListener::onKernelResponse".
2018-03-01T21:05:01+00:00 [debug] Notified event "kernel.response" to listener "Symfony\Component\HttpKernel\EventListener\StreamedResponseListener::onKernelResponse".
2018-03-01T21:05:01+00:00 [debug] Notified event "kernel.finish_request" to listener "Symfony\Component\HttpKernel\EventListener\LocaleListener::onKernelFinishRequest".
2018-03-01T21:05:01+00:00 [debug] Notified event "kernel.finish_request" to listener "Symfony\Component\HttpKernel\EventListener\RouterListener::onKernelFinishRequest".
2018-03-01T21:05:01+00:00 [debug] Notified event "kernel.terminate" to listener "Symfony\Component\HttpKernel\EventListener\ProfilerListener::onKernelTerminate".
2018-03-01T21:05:10+00:00 [info] Matched route "_profiler_open_file".
2018-03-01T21:05:10+00:00 [debug] Notified event "kernel.request" to listener "Symfony\Component\HttpKernel\EventListener\DebugHandlersListener::configure".
2018-03-01T21:05:10+00:00 [debug] Notified event "kernel.request" to listener "Symfony\Component\HttpKernel\EventListener\ValidateRequestListener::onKernelRequest".
2018-03-01T21:05:10+00:00 [debug] Notified event "kernel.request" to listener "Symfony\Component\HttpKernel\EventListener\SessionListener::onKernelRequest".
2018-03-01T21:05:10+00:00 [debug] Notified event "kernel.request" to listener "Symfony\Component\HttpKernel\EventListener\RouterListener::onKernelRequest".
2018-03-01T21:05:10+00:00 [debug] Notified event "kernel.request" to listener "Symfony\Bundle\FrameworkBundle\EventListener\ResolveControllerNameSubscriber::onKernelRequest".
2018-03-01T21:05:10+00:00 [debug] Notified event "kernel.request" to listener "Symfony\Component\HttpKernel\EventListener\LocaleListener::onKernelRequest".
2018-03-01T21:05:10+00:00 [debug] Notified event "kernel.controller" to listener "Symfony\Bundle\FrameworkBundle\DataCollector\RouterDataCollector::onKernelController".
2018-03-01T21:05:10+00:00 [debug] Notified event "kernel.controller" to listener "Symfony\Bundle\FrameworkBundle\DataCollector\RequestDataCollector::onKernelController".
2018-03-01T21:05:10+00:00 [debug] Notified event "kernel.controller" to listener "Sensio\Bundle\FrameworkExtraBundle\EventListener\ControllerListener::onKernelController".
2018-03-01T21:05:10+00:00 [debug] Notified event "kernel.controller" to listener "Sensio\Bundle\FrameworkExtraBundle\EventListener\ParamConverterListener::onKernelController".
2018-03-01T21:05:10+00:00 [debug] Notified event "kernel.controller" to listener "Sensio\Bundle\FrameworkExtraBundle\EventListener\HttpCacheListener::onKernelController".
2018-03-01T21:05:10+00:00 [debug] Notified event "kernel.controller" to listener "Sensio\Bundle\FrameworkExtraBundle\EventListener\TemplateListener::onKernelController".
2018-03-01T21:05:10+00:00 [debug] Notified event "kernel.controller_arguments" to listener "Sensio\Bundle\FrameworkExtraBundle\EventListener\IsGrantedListener::onKernelControllerArguments".
2018-03-01T21:05:10+00:00 [debug] Notified event "kernel.response" to listener "Symfony\Component\HttpKernel\EventListener\ResponseListener::onKernelResponse".
2018-03-01T21:05:10+00:00 [debug] Notified event "kernel.response" to listener "Symfony\Bundle\FrameworkBundle\DataCollector\RequestDataCollector::onKernelResponse".
2018-03-01T21:05:10+00:00 [debug] Notified event "kernel.response" to listener "Sensio\Bundle\FrameworkExtraBundle\EventListener\HttpCacheListener::onKernelResponse".
2018-03-01T21:05:10+00:00 [debug] Notified event "kernel.response" to listener "Symfony\Component\HttpKernel\EventListener\ProfilerListener::onKernelResponse".
2018-03-01T21:05:10+00:00 [debug] Notified event "kernel.response" to listener "Symfony\Bundle\WebProfilerBundle\EventListener\WebDebugToolbarListener::onKernelResponse".
2018-03-01T21:05:10+00:00 [debug] Notified event "kernel.response" to listener "Symfony\Component\HttpKernel\EventListener\SessionListener::onKernelResponse".
2018-03-01T21:05:10+00:00 [debug] Notified event "kernel.response" to listener "Symfony\Component\HttpKernel\EventListener\SaveSessionListener::onKernelResponse".
2018-03-01T21:05:10+00:00 [debug] Notified event "kernel.response" to listener "Symfony\Component\HttpKernel\EventListener\StreamedResponseListener::onKernelResponse".
2018-03-01T21:05:10+00:00 [debug] Notified event "kernel.finish_request" to listener "Symfony\Component\HttpKernel\EventListener\LocaleListener::onKernelFinishRequest".
2018-03-01T21:05:10+00:00 [debug] Notified event "kernel.finish_request" to listener "Symfony\Component\HttpKernel\EventListener\RouterListener::onKernelFinishRequest".
2018-03-01T21:05:10+00:00 [debug] Notified event "kernel.terminate" to listener "Symfony\Component\HttpKernel\EventListener\ProfilerListener::onKernelTerminate".
2018-03-01T21:05:49+00:00 [info] Matched route "_profiler".
2018-03-01T21:05:49+00:00 [debug] Notified event "kernel.request" to listener "Symfony\Component\HttpKernel\EventListener\DebugHandlersListener::configure".
2018-03-01T21:05:49+00:00 [debug] Notified event "kernel.request" to listener "Symfony\Component\HttpKernel\EventListener\ValidateRequestListener::onKernelRequest".
2018-03-01T21:05:49+00:00 [debug] Notified event "kernel.request" to listener "Symfony\Component\HttpKernel\EventListener\SessionListener::onKernelRequest".
2018-03-01T21:05:49+00:00 [debug] Notified event "kernel.request" to listener "Symfony\Component\HttpKernel\EventListener\RouterListener::onKernelRequest".
2018-03-01T21:05:49+00:00 [debug] Notified event "kernel.request" to listener "Symfony\Bundle\FrameworkBundle\EventListener\ResolveControllerNameSubscriber::onKernelRequest".
2018-03-01T21:05:49+00:00 [debug] Notified event "kernel.request" to listener "Symfony\Component\HttpKernel\EventListener\LocaleListener::onKernelRequest".
2018-03-01T21:05:49+00:00 [debug] Notified event "kernel.controller" to listener "Symfony\Bundle\FrameworkBundle\DataCollector\RouterDataCollector::onKernelController".
2018-03-01T21:05:49+00:00 [debug] Notified event "kernel.controller" to listener "Symfony\Bundle\FrameworkBundle\DataCollector\RequestDataCollector::onKernelController".
2018-03-01T21:05:49+00:00 [debug] Notified event "kernel.controller" to listener "Sensio\Bundle\FrameworkExtraBundle\EventListener\ControllerListener::onKernelController".
2018-03-01T21:05:49+00:00 [debug] Notified event "kernel.controller" to listener "Sensio\Bundle\FrameworkExtraBundle\EventListener\ParamConverterListener::onKernelController".
2018-03-01T21:05:49+00:00 [debug] Notified event "kernel.controller" to listener "Sensio\Bundle\FrameworkExtraBundle\EventListener\HttpCacheListener::onKernelController".
2018-03-01T21:05:49+00:00 [debug] Notified event "kernel.controller" to listener "Sensio\Bundle\FrameworkExtraBundle\EventListener\TemplateListener::onKernelController".
2018-03-01T21:05:49+00:00 [debug] Notified event "kernel.controller_arguments" to listener "Sensio\Bundle\FrameworkExtraBundle\EventListener\IsGrantedListener::onKernelControllerArguments".
2018-03-01T21:05:49+00:00 [info] Matched route "_profiler_search_bar".
2018-03-01T21:05:49+00:00 [debug] Notified event "kernel.request" to listener "Symfony\Component\HttpKernel\EventListener\DebugHandlersListener::configure".
2018-03-01T21:05:49+00:00 [debug] Notified event "kernel.request" to listener "Symfony\Component\HttpKernel\EventListener\ValidateRequestListener::onKernelRequest".
2018-03-01T21:05:49+00:00 [debug] Notified event "kernel.request" to listener "Symfony\Component\HttpKernel\EventListener\SessionListener::onKernelRequest".
2018-03-01T21:05:49+00:00 [debug] Notified event "kernel.request" to listener "Symfony\Component\HttpKernel\EventListener\RouterListener::onKernelRequest".
2018-03-01T21:05:49+00:00 [debug] Notified event "kernel.request" to listener "Symfony\Bundle\FrameworkBundle\EventListener\ResolveControllerNameSubscriber::onKernelRequest".
2018-03-01T21:05:49+00:00 [debug] Notified event "kernel.request" to listener "Symfony\Component\HttpKernel\EventListener\LocaleListener::onKernelRequest".
2018-03-01T21:05:49+00:00 [debug] Notified event "kernel.controller" to listener "Symfony\Bundle\FrameworkBundle\DataCollector\RouterDataCollector::onKernelController".
2018-03-01T21:05:49+00:00 [debug] Notified event "kernel.controller" to listener "Symfony\Bundle\FrameworkBundle\DataCollector\RequestDataCollector::onKernelController".
2018-03-01T21:05:49+00:00 [debug] Notified event "kernel.controller" to listener "Sensio\Bundle\FrameworkExtraBundle\EventListener\ControllerListener::onKernelController".
2018-03-01T21:05:49+00:00 [debug] Notified event "kernel.controller" to listener "Sensio\Bundle\FrameworkExtraBundle\EventListener\ParamConverterListener::onKernelController".
2018-03-01T21:05:49+00:00 [debug] Notified event "kernel.controller" to listener "Sensio\Bundle\FrameworkExtraBundle\EventListener\HttpCacheListener::onKernelController".
2018-03-01T21:05:49+00:00 [debug] Notified event "kernel.controller" to listener "Sensio\Bundle\FrameworkExtraBundle\EventListener\TemplateListener::onKernelController".
2018-03-01T21:05:49+00:00 [debug] Notified event "kernel.controller_arguments" to listener "Sensio\Bundle\FrameworkExtraBundle\EventListener\IsGrantedListener::onKernelControllerArguments".
2018-03-01T21:05:49+00:00 [debug] Notified event "kernel.response" to listener "Symfony\Component\HttpKernel\EventListener\ResponseListener::onKernelResponse".
2018-03-01T21:05:49+00:00 [debug] Notified event "kernel.response" to listener "Symfony\Bundle\FrameworkBundle\DataCollector\RequestDataCollector::onKernelResponse".
2018-03-01T21:05:49+00:00 [debug] Notified event "kernel.response" to listener "Sensio\Bundle\FrameworkExtraBundle\EventListener\HttpCacheListener::onKernelResponse".
2018-03-01T21:05:49+00:00 [debug] Notified event "kernel.response" to listener "Symfony\Component\HttpKernel\EventListener\ProfilerListener::onKernelResponse".
2018-03-01T21:05:49+00:00 [debug] Notified event "kernel.response" to listener "Symfony\Bundle\WebProfilerBundle\EventListener\WebDebugToolbarListener::onKernelResponse".
2018-03-01T21:05:49+00:00 [debug] Notified event "kernel.response" to listener "Symfony\Component\HttpKernel\EventListener\SessionListener::onKernelResponse".
2018-03-01T21:05:49+00:00 [debug] Notified event "kernel.response" to listener "Symfony\Component\HttpKernel\EventListener\SaveSessionListener::onKernelResponse".
2018-03-01T21:05:49+00:00 [debug] Notified event "kernel.response" to listener "Symfony\Component\HttpKernel\EventListener\StreamedResponseListener::onKernelResponse".
2018-03-01T21:05:49+00:00 [debug] Notified event "kernel.finish_request" to listener "Symfony\Component\HttpKernel\EventListener\LocaleListener::onKernelFinishRequest".
2018-03-01T21:05:49+00:00 [debug] Notified event "kernel.finish_request" to listener "Symfony\Component\HttpKernel\EventListener\RouterListener::onKernelFinishRequest".
2018-03-01T21:05:49+00:00 [debug] Notified event "kernel.response" to listener "Symfony\Component\HttpKernel\EventListener\ResponseListener::onKernelResponse".
2018-03-01T21:05:49+00:00 [debug] Notified event "kernel.response" to listener "Symfony\Bundle\FrameworkBundle\DataCollector\RequestDataCollector::onKernelResponse".
2018-03-01T21:05:49+00:00 [debug] Notified event "kernel.response" to listener "Sensio\Bundle\FrameworkExtraBundle\EventListener\HttpCacheListener::onKernelResponse".
2018-03-01T21:05:49+00:00 [debug] Notified event "kernel.response" to listener "Symfony\Component\HttpKernel\EventListener\ProfilerListener::onKernelResponse".
2018-03-01T21:05:49+00:00 [debug] Notified event "kernel.response" to listener "Symfony\Bundle\WebProfilerBundle\EventListener\WebDebugToolbarListener::onKernelResponse".
2018-03-01T21:05:49+00:00 [debug] Notified event "kernel.response" to listener "Symfony\Component\HttpKernel\EventListener\SessionListener::onKernelResponse".
2018-03-01T21:05:49+00:00 [debug] Notified event "kernel.response" to listener "Symfony\Component\HttpKernel\EventListener\SaveSessionListener::onKernelResponse".
2018-03-01T21:05:49+00:00 [debug] Notified event "kernel.response" to listener "Symfony\Component\HttpKernel\EventListener\StreamedResponseListener::onKernelResponse".
2018-03-01T21:05:49+00:00 [debug] Notified event "kernel.finish_request" to listener "Symfony\Component\HttpKernel\EventListener\LocaleListener::onKernelFinishRequest".
2018-03-01T21:05:49+00:00 [debug] Notified event "kernel.finish_request" to listener "Symfony\Component\HttpKernel\EventListener\RouterListener::onKernelFinishRequest".
2018-03-01T21:05:49+00:00 [debug] Notified event "kernel.terminate" to listener "Symfony\Component\HttpKernel\EventListener\ProfilerListener::onKernelTerminate".
2018-03-01T21:05:51+00:00 [info] Matched route "_profiler".
2018-03-01T21:05:51+00:00 [debug] Notified event "kernel.request" to listener "Symfony\Component\HttpKernel\EventListener\DebugHandlersListener::configure".
2018-03-01T21:05:51+00:00 [debug] Notified event "kernel.request" to listener "Symfony\Component\HttpKernel\EventListener\ValidateRequestListener::onKernelRequest".
2018-03-01T21:05:51+00:00 [debug] Notified event "kernel.request" to listener "Symfony\Component\HttpKernel\EventListener\SessionListener::onKernelRequest".
2018-03-01T21:05:51+00:00 [debug] Notified event "kernel.request" to listener "Symfony\Component\HttpKernel\EventListener\RouterListener::onKernelRequest".
2018-03-01T21:05:51+00:00 [debug] Notified event "kernel.request" to listener "Symfony\Bundle\FrameworkBundle\EventListener\ResolveControllerNameSubscriber::onKernelRequest".
2018-03-01T21:05:51+00:00 [debug] Notified event "kernel.request" to listener "Symfony\Component\HttpKernel\EventListener\LocaleListener::onKernelRequest".
2018-03-01T21:05:51+00:00 [debug] Notified event "kernel.controller" to listener "Symfony\Bundle\FrameworkBundle\DataCollector\RouterDataCollector::onKernelController".
2018-03-01T21:05:51+00:00 [debug] Notified event "kernel.controller" to listener "Symfony\Bundle\FrameworkBundle\DataCollector\RequestDataCollector::onKernelController".
2018-03-01T21:05:51+00:00 [debug] Notified event "kernel.controller" to listener "Sensio\Bundle\FrameworkExtraBundle\EventListener\ControllerListener::onKernelController".
2018-03-01T21:05:51+00:00 [debug] Notified event "kernel.controller" to listener "Sensio\Bundle\FrameworkExtraBundle\EventListener\ParamConverterListener::onKernelController".
2018-03-01T21:05:51+00:00 [debug] Notified event "kernel.controller" to listener "Sensio\Bundle\FrameworkExtraBundle\EventListener\HttpCacheListener::onKernelController".
2018-03-01T21:05:51+00:00 [debug] Notified event "kernel.controller" to listener "Sensio\Bundle\FrameworkExtraBundle\EventListener\TemplateListener::onKernelController".
2018-03-01T21:05:51+00:00 [debug] Notified event "kernel.controller_arguments" to listener "Sensio\Bundle\FrameworkExtraBundle\EventListener\IsGrantedListener::onKernelControllerArguments".
2018-03-01T21:05:51+00:00 [info] Matched route "_profiler_search_bar".
2018-03-01T21:05:51+00:00 [debug] Notified event "kernel.request" to listener "Symfony\Component\HttpKernel\EventListener\DebugHandlersListener::configure".
2018-03-01T21:05:51+00:00 [debug] Notified event "kernel.request" to listener "Symfony\Component\HttpKernel\EventListener\ValidateRequestListener::onKernelRequest".
2018-03-01T21:05:51+00:00 [debug] Notified event "kernel.request" to listener "Symfony\Component\HttpKernel\EventListener\SessionListener::onKernelRequest".
2018-03-01T21:05:51+00:00 [debug] Notified event "kernel.request" to listener "Symfony\Component\HttpKernel\EventListener\RouterListener::onKernelRequest".
2018-03-01T21:05:51+00:00 [debug] Notified event "kernel.request" to listener "Symfony\Bundle\FrameworkBundle\EventListener\ResolveControllerNameSubscriber::onKernelRequest".
2018-03-01T21:05:51+00:00 [debug] Notified event "kernel.request" to listener "Symfony\Component\HttpKernel\EventListener\LocaleListener::onKernelRequest".
2018-03-01T21:05:51+00:00 [debug] Notified event "kernel.controller" to listener "Symfony\Bundle\FrameworkBundle\DataCollector\RouterDataCollector::onKernelController".
2018-03-01T21:05:51+00:00 [debug] Notified event "kernel.controller" to listener "Symfony\Bundle\FrameworkBundle\DataCollector\RequestDataCollector::onKernelController".
2018-03-01T21:05:51+00:00 [debug] Notified event "kernel.controller" to listener "Sensio\Bundle\FrameworkExtraBundle\EventListener\ControllerListener::onKernelController".
2018-03-01T21:05:51+00:00 [debug] Notified event "kernel.controller" to listener "Sensio\Bundle\FrameworkExtraBundle\EventListener\ParamConverterListener::onKernelController".
2018-03-01T21:05:51+00:00 [debug] Notified event "kernel.controller" to listener "Sensio\Bundle\FrameworkExtraBundle\EventListener\HttpCacheListener::onKernelController".
2018-03-01T21:05:51+00:00 [debug] Notified event "kernel.controller" to listener "Sensio\Bundle\FrameworkExtraBundle\EventListener\TemplateListener::onKernelController".
2018-03-01T21:05:51+00:00 [debug] Notified event "kernel.controller_arguments" to listener "Sensio\Bundle\FrameworkExtraBundle\EventListener\IsGrantedListener::onKernelControllerArguments".
2018-03-01T21:05:51+00:00 [debug] Notified event "kernel.response" to listener "Symfony\Component\HttpKernel\EventListener\ResponseListener::onKernelResponse".
2018-03-01T21:05:51+00:00 [debug] Notified event "kernel.response" to listener "Symfony\Bundle\FrameworkBundle\DataCollector\RequestDataCollector::onKernelResponse".
2018-03-01T21:05:51+00:00 [debug] Notified event "kernel.response" to listener "Sensio\Bundle\FrameworkExtraBundle\EventListener\HttpCacheListener::onKernelResponse".
2018-03-01T21:05:51+00:00 [debug] Notified event "kernel.response" to listener "Symfony\Component\HttpKernel\EventListener\ProfilerListener::onKernelResponse".
2018-03-01T21:05:51+00:00 [debug] Notified event "kernel.response" to listener "Symfony\Bundle\WebProfilerBundle\EventListener\WebDebugToolbarListener::onKernelResponse".
2018-03-01T21:05:51+00:00 [debug] Notified event "kernel.response" to listener "Symfony\Component\HttpKernel\EventListener\SessionListener::onKernelResponse".
2018-03-01T21:05:51+00:00 [debug] Notified event "kernel.response" to listener "Symfony\Component\HttpKernel\EventListener\SaveSessionListener::onKernelResponse".
2018-03-01T21:05:51+00:00 [debug] Notified event "kernel.response" to listener "Symfony\Component\HttpKernel\EventListener\StreamedResponseListener::onKernelResponse".
2018-03-01T21:05:51+00:00 [debug] Notified event "kernel.finish_request" to listener "Symfony\Component\HttpKernel\EventListener\LocaleListener::onKernelFinishRequest".
2018-03-01T21:05:51+00:00 [debug] Notified event "kernel.finish_request" to listener "Symfony\Component\HttpKernel\EventListener\RouterListener::onKernelFinishRequest".
2018-03-01T21:05:51+00:00 [debug] Notified event "kernel.response" to listener "Symfony\Component\HttpKernel\EventListener\ResponseListener::onKernelResponse".
2018-03-01T21:05:51+00:00 [debug] Notified event "kernel.response" to listener "Symfony\Bundle\FrameworkBundle\DataCollector\RequestDataCollector::onKernelResponse".
2018-03-01T21:05:51+00:00 [debug] Notified event "kernel.response" to listener "Sensio\Bundle\FrameworkExtraBundle\EventListener\HttpCacheListener::onKernelResponse".
2018-03-01T21:05:51+00:00 [debug] Notified event "kernel.response" to listener "Symfony\Component\HttpKernel\EventListener\ProfilerListener::onKernelResponse".
2018-03-01T21:05:51+00:00 [debug] Notified event "kernel.response" to listener "Symfony\Bundle\WebProfilerBundle\EventListener\WebDebugToolbarListener::onKernelResponse".
2018-03-01T21:05:51+00:00 [debug] Notified event "kernel.response" to listener "Symfony\Component\HttpKernel\EventListener\SessionListener::onKernelResponse".
2018-03-01T21:05:51+00:00 [debug] Notified event "kernel.response" to listener "Symfony\Component\HttpKernel\EventListener\SaveSessionListener::onKernelResponse".
2018-03-01T21:05:51+00:00 [debug] Notified event "kernel.response" to listener "Symfony\Component\HttpKernel\EventListener\StreamedResponseListener::onKernelResponse".
2018-03-01T21:05:51+00:00 [debug] Notified event "kernel.finish_request" to listener "Symfony\Component\HttpKernel\EventListener\LocaleListener::onKernelFinishRequest".
2018-03-01T21:05:51+00:00 [debug] Notified event "kernel.finish_request" to listener "Symfony\Component\HttpKernel\EventListener\RouterListener::onKernelFinishRequest".
2018-03-01T21:05:51+00:00 [debug] Notified event "kernel.terminate" to listener "Symfony\Component\HttpKernel\EventListener\ProfilerListener::onKernelTerminate".
2018-03-01T21:06:14+00:00 [info] Matched route "_profiler".
2018-03-01T21:06:14+00:00 [debug] Notified event "kernel.request" to listener "Symfony\Component\HttpKernel\EventListener\DebugHandlersListener::configure".
2018-03-01T21:06:14+00:00 [debug] Notified event "kernel.request" to listener "Symfony\Component\HttpKernel\EventListener\ValidateRequestListener::onKernelRequest".
2018-03-01T21:06:14+00:00 [debug] Notified event "kernel.request" to listener "Symfony\Component\HttpKernel\EventListener\SessionListener::onKernelRequest".
2018-03-01T21:06:14+00:00 [debug] Notified event "kernel.request" to listener "Symfony\Component\HttpKernel\EventListener\RouterListener::onKernelRequest".
2018-03-01T21:06:14+00:00 [debug] Notified event "kernel.request" to listener "Symfony\Bundle\FrameworkBundle\EventListener\ResolveControllerNameSubscriber::onKernelRequest".
2018-03-01T21:06:14+00:00 [debug] Notified event "kernel.request" to listener "Symfony\Component\HttpKernel\EventListener\LocaleListener::onKernelRequest".
2018-03-01T21:06:14+00:00 [debug] Notified event "kernel.controller" to listener "Symfony\Bundle\FrameworkBundle\DataCollector\RouterDataCollector::onKernelController".
2018-03-01T21:06:14+00:00 [debug] Notified event "kernel.controller" to listener "Symfony\Bundle\FrameworkBundle\DataCollector\RequestDataCollector::onKernelController".
2018-03-01T21:06:14+00:00 [debug] Notified event "kernel.controller" to listener "Sensio\Bundle\FrameworkExtraBundle\EventListener\ControllerListener::onKernelController".
2018-03-01T21:06:14+00:00 [debug] Notified event "kernel.controller" to listener "Sensio\Bundle\FrameworkExtraBundle\EventListener\ParamConverterListener::onKernelController".
2018-03-01T21:06:14+00:00 [debug] Notified event "kernel.controller" to listener "Sensio\Bundle\FrameworkExtraBundle\EventListener\HttpCacheListener::onKernelController".
2018-03-01T21:06:14+00:00 [debug] Notified event "kernel.controller" to listener "Sensio\Bundle\FrameworkExtraBundle\EventListener\TemplateListener::onKernelController".
2018-03-01T21:06:14+00:00 [debug] Notified event "kernel.controller_arguments" to listener "Sensio\Bundle\FrameworkExtraBundle\EventListener\IsGrantedListener::onKernelControllerArguments".
2018-03-01T21:06:14+00:00 [info] Matched route "_profiler_search_bar".
2018-03-01T21:06:14+00:00 [debug] Notified event "kernel.request" to listener "Symfony\Component\HttpKernel\EventListener\DebugHandlersListener::configure".
2018-03-01T21:06:14+00:00 [debug] Notified event "kernel.request" to listener "Symfony\Component\HttpKernel\EventListener\ValidateRequestListener::onKernelRequest".
2018-03-01T21:06:14+00:00 [debug] Notified event "kernel.request" to listener "Symfony\Component\HttpKernel\EventListener\SessionListener::onKernelRequest".
2018-03-01T21:06:14+00:00 [debug] Notified event "kernel.request" to listener "Symfony\Component\HttpKernel\EventListener\RouterListener::onKernelRequest".
2018-03-01T21:06:14+00:00 [debug] Notified event "kernel.request" to listener "Symfony\Bundle\FrameworkBundle\EventListener\ResolveControllerNameSubscriber::onKernelRequest".
2018-03-01T21:06:14+00:00 [debug] Notified event "kernel.request" to listener "Symfony\Component\HttpKernel\EventListener\LocaleListener::onKernelRequest".
2018-03-01T21:06:14+00:00 [debug] Notified event "kernel.controller" to listener "Symfony\Bundle\FrameworkBundle\DataCollector\RouterDataCollector::onKernelController".
2018-03-01T21:06:14+00:00 [debug] Notified event "kernel.controller" to listener "Symfony\Bundle\FrameworkBundle\DataCollector\RequestDataCollector::onKernelController".
2018-03-01T21:06:14+00:00 [debug] Notified event "kernel.controller" to listener "Sensio\Bundle\FrameworkExtraBundle\EventListener\ControllerListener::onKernelController".
2018-03-01T21:06:14+00:00 [debug] Notified event "kernel.controller" to listener "Sensio\Bundle\FrameworkExtraBundle\EventListener\ParamConverterListener::onKernelController".
2018-03-01T21:06:14+00:00 [debug] Notified event "kernel.controller" to listener "Sensio\Bundle\FrameworkExtraBundle\EventListener\HttpCacheListener::onKernelController".
2018-03-01T21:06:14+00:00 [debug] Notified event "kernel.controller" to listener "Sensio\Bundle\FrameworkExtraBundle\EventListener\TemplateListener::onKernelController".
2018-03-01T21:06:14+00:00 [debug] Notified event "kernel.controller_arguments" to listener "Sensio\Bundle\FrameworkExtraBundle\EventListener\IsGrantedListener::onKernelControllerArguments".
2018-03-01T21:06:14+00:00 [debug] Notified event "kernel.response" to listener "Symfony\Component\HttpKernel\EventListener\ResponseListener::onKernelResponse".
2018-03-01T21:06:14+00:00 [debug] Notified event "kernel.response" to listener "Symfony\Bundle\FrameworkBundle\DataCollector\RequestDataCollector::onKernelResponse".
2018-03-01T21:06:14+00:00 [debug] Notified event "kernel.response" to listener "Sensio\Bundle\FrameworkExtraBundle\EventListener\HttpCacheListener::onKernelResponse".
2018-03-01T21:06:14+00:00 [debug] Notified event "kernel.response" to listener "Symfony\Component\HttpKernel\EventListener\ProfilerListener::onKernelResponse".
2018-03-01T21:06:14+00:00 [debug] Notified event "kernel.response" to listener "Symfony\Bundle\WebProfilerBundle\EventListener\WebDebugToolbarListener::onKernelResponse".
2018-03-01T21:06:14+00:00 [debug] Notified event "kernel.response" to listener "Symfony\Component\HttpKernel\EventListener\SessionListener::onKernelResponse".
2018-03-01T21:06:14+00:00 [debug] Notified event "kernel.response" to listener "Symfony\Component\HttpKernel\EventListener\SaveSessionListener::onKernelResponse".
2018-03-01T21:06:14+00:00 [debug] Notified event "kernel.response" to listener "Symfony\Component\HttpKernel\EventListener\StreamedResponseListener::onKernelResponse".
2018-03-01T21:06:14+00:00 [debug] Notified event "kernel.finish_request" to listener "Symfony\Component\HttpKernel\EventListener\LocaleListener::onKernelFinishRequest".
2018-03-01T21:06:14+00:00 [debug] Notified event "kernel.finish_request" to listener "Symfony\Component\HttpKernel\EventListener\RouterListener::onKernelFinishRequest".
2018-03-01T21:06:14+00:00 [debug] Notified event "kernel.response" to listener "Symfony\Component\HttpKernel\EventListener\ResponseListener::onKernelResponse".
2018-03-01T21:06:14+00:00 [debug] Notified event "kernel.response" to listener "Symfony\Bundle\FrameworkBundle\DataCollector\RequestDataCollector::onKernelResponse".
2018-03-01T21:06:14+00:00 [debug] Notified event "kernel.response" to listener "Sensio\Bundle\FrameworkExtraBundle\EventListener\HttpCacheListener::onKernelResponse".
2018-03-01T21:06:14+00:00 [debug] Notified event "kernel.response" to listener "Symfony\Component\HttpKernel\EventListener\ProfilerListener::onKernelResponse".
2018-03-01T21:06:14+00:00 [debug] Notified event "kernel.response" to listener "Symfony\Bundle\WebProfilerBundle\EventListener\WebDebugToolbarListener::onKernelResponse".
2018-03-01T21:06:14+00:00 [debug] Notified event "kernel.response" to listener "Symfony\Component\HttpKernel\EventListener\SessionListener::onKernelResponse".
2018-03-01T21:06:14+00:00 [debug] Notified event "kernel.response" to listener "Symfony\Component\HttpKernel\EventListener\SaveSessionListener::onKernelResponse".
2018-03-01T21:06:14+00:00 [debug] Notified event "kernel.response" to listener "Symfony\Component\HttpKernel\EventListener\StreamedResponseListener::onKernelResponse".
2018-03-01T21:06:14+00:00 [debug] Notified event "kernel.finish_request" to listener "Symfony\Component\HttpKernel\EventListener\LocaleListener::onKernelFinishRequest".
2018-03-01T21:06:14+00:00 [debug] Notified event "kernel.finish_request" to listener "Symfony\Component\HttpKernel\EventListener\RouterListener::onKernelFinishRequest".
2018-03-01T21:06:14+00:00 [debug] Notified event "kernel.terminate" to listener "Symfony\Component\HttpKernel\EventListener\ProfilerListener::onKernelTerminate".
2018-03-01T21:06:26+00:00 [info] Matched route "_profiler".
2018-03-01T21:06:26+00:00 [debug] Notified event "kernel.request" to listener "Symfony\Component\HttpKernel\EventListener\DebugHandlersListener::configure".
2018-03-01T21:06:26+00:00 [debug] Notified event "kernel.request" to listener "Symfony\Component\HttpKernel\EventListener\ValidateRequestListener::onKernelRequest".
2018-03-01T21:06:26+00:00 [debug] Notified event "kernel.request" to listener "Symfony\Component\HttpKernel\EventListener\SessionListener::onKernelRequest".
2018-03-01T21:06:26+00:00 [debug] Notified event "kernel.request" to listener "Symfony\Component\HttpKernel\EventListener\RouterListener::onKernelRequest".
2018-03-01T21:06:26+00:00 [debug] Notified event "kernel.request" to listener "Symfony\Bundle\FrameworkBundle\EventListener\ResolveControllerNameSubscriber::onKernelRequest".
2018-03-01T21:06:26+00:00 [debug] Notified event "kernel.request" to listener "Symfony\Component\HttpKernel\EventListener\LocaleListener::onKernelRequest".
2018-03-01T21:06:26+00:00 [debug] Notified event "kernel.controller" to listener "Symfony\Bundle\FrameworkBundle\DataCollector\RouterDataCollector::onKernelController".
2018-03-01T21:06:26+00:00 [debug] Notified event "kernel.controller" to listener "Symfony\Bundle\FrameworkBundle\DataCollector\RequestDataCollector::onKernelController".
2018-03-01T21:06:26+00:00 [debug] Notified event "kernel.controller" to listener "Sensio\Bundle\FrameworkExtraBundle\EventListener\ControllerListener::onKernelController".
2018-03-01T21:06:26+00:00 [debug] Notified event "kernel.controller" to listener "Sensio\Bundle\FrameworkExtraBundle\EventListener\ParamConverterListener::onKernelController".
2018-03-01T21:06:26+00:00 [debug] Notified event "kernel.controller" to listener "Sensio\Bundle\FrameworkExtraBundle\EventListener\HttpCacheListener::onKernelController".
2018-03-01T21:06:26+00:00 [debug] Notified event "kernel.controller" to listener "Sensio\Bundle\FrameworkExtraBundle\EventListener\TemplateListener::onKernelController".
2018-03-01T21:06:26+00:00 [debug] Notified event "kernel.controller_arguments" to listener "Sensio\Bundle\FrameworkExtraBundle\EventListener\IsGrantedListener::onKernelControllerArguments".
2018-03-01T21:06:26+00:00 [info] Matched route "_profiler_search_bar".
2018-03-01T21:06:26+00:00 [debug] Notified event "kernel.request" to listener "Symfony\Component\HttpKernel\EventListener\DebugHandlersListener::configure".
2018-03-01T21:06:26+00:00 [debug] Notified event "kernel.request" to listener "Symfony\Component\HttpKernel\EventListener\ValidateRequestListener::onKernelRequest".
2018-03-01T21:06:26+00:00 [debug] Notified event "kernel.request" to listener "Symfony\Component\HttpKernel\EventListener\SessionListener::onKernelRequest".
2018-03-01T21:06:26+00:00 [debug] Notified event "kernel.request" to listener "Symfony\Component\HttpKernel\EventListener\RouterListener::onKernelRequest".
2018-03-01T21:06:26+00:00 [debug] Notified event "kernel.request" to listener "Symfony\Bundle\FrameworkBundle\EventListener\ResolveControllerNameSubscriber::onKernelRequest".
2018-03-01T21:06:26+00:00 [debug] Notified event "kernel.request" to listener "Symfony\Component\HttpKernel\EventListener\LocaleListener::onKernelRequest".
2018-03-01T21:06:26+00:00 [debug] Notified event "kernel.controller" to listener "Symfony\Bundle\FrameworkBundle\DataCollector\RouterDataCollector::onKernelController".
2018-03-01T21:06:26+00:00 [debug] Notified event "kernel.controller" to listener "Symfony\Bundle\FrameworkBundle\DataCollector\RequestDataCollector::onKernelController".
2018-03-01T21:06:26+00:00 [debug] Notified event "kernel.controller" to listener "Sensio\Bundle\FrameworkExtraBundle\EventListener\ControllerListener::onKernelController".
2018-03-01T21:06:26+00:00 [debug] Notified event "kernel.controller" to listener "Sensio\Bundle\FrameworkExtraBundle\EventListener\ParamConverterListener::onKernelController".
2018-03-01T21:06:26+00:00 [debug] Notified event "kernel.controller" to listener "Sensio\Bundle\FrameworkExtraBundle\EventListener\HttpCacheListener::onKernelController".
2018-03-01T21:06:26+00:00 [debug] Notified event "kernel.controller" to listener "Sensio\Bundle\FrameworkExtraBundle\EventListener\TemplateListener::onKernelController".
2018-03-01T21:06:26+00:00 [debug] Notified event "kernel.controller_arguments" to listener "Sensio\Bundle\FrameworkExtraBundle\EventListener\IsGrantedListener::onKernelControllerArguments".
2018-03-01T21:06:26+00:00 [debug] Notified event "kernel.response" to listener "Symfony\Component\HttpKernel\EventListener\ResponseListener::onKernelResponse".
2018-03-01T21:06:26+00:00 [debug] Notified event "kernel.response" to listener "Symfony\Bundle\FrameworkBundle\DataCollector\RequestDataCollector::onKernelResponse".
2018-03-01T21:06:26+00:00 [debug] Notified event "kernel.response" to listener "Sensio\Bundle\FrameworkExtraBundle\EventListener\HttpCacheListener::onKernelResponse".
2018-03-01T21:06:26+00:00 [debug] Notified event "kernel.response" to listener "Symfony\Component\HttpKernel\EventListener\ProfilerListener::onKernelResponse".
2018-03-01T21:06:26+00:00 [debug] Notified event "kernel.response" to listener "Symfony\Bundle\WebProfilerBundle\EventListener\WebDebugToolbarListener::onKernelResponse".
2018-03-01T21:06:26+00:00 [debug] Notified event "kernel.response" to listener "Symfony\Component\HttpKernel\EventListener\SessionListener::onKernelResponse".
2018-03-01T21:06:26+00:00 [debug] Notified event "kernel.response" to listener "Symfony\Component\HttpKernel\EventListener\SaveSessionListener::onKernelResponse".
2018-03-01T21:06:26+00:00 [debug] Notified event "kernel.response" to listener "Symfony\Component\HttpKernel\EventListener\StreamedResponseListener::onKernelResponse".
2018-03-01T21:06:26+00:00 [debug] Notified event "kernel.finish_request" to listener "Symfony\Component\HttpKernel\EventListener\LocaleListener::onKernelFinishRequest".
2018-03-01T21:06:26+00:00 [debug] Notified event "kernel.finish_request" to listener "Symfony\Component\HttpKernel\EventListener\RouterListener::onKernelFinishRequest".
2018-03-01T21:06:26+00:00 [debug] Notified event "kernel.response" to listener "Symfony\Component\HttpKernel\EventListener\ResponseListener::onKernelResponse".
2018-03-01T21:06:26+00:00 [debug] Notified event "kernel.response" to listener "Symfony\Bundle\FrameworkBundle\DataCollector\RequestDataCollector::onKernelResponse".
2018-03-01T21:06:26+00:00 [debug] Notified event "kernel.response" to listener "Sensio\Bundle\FrameworkExtraBundle\EventListener\HttpCacheListener::onKernelResponse".
2018-03-01T21:06:26+00:00 [debug] Notified event "kernel.response" to listener "Symfony\Component\HttpKernel\EventListener\ProfilerListener::onKernelResponse".
2018-03-01T21:06:26+00:00 [debug] Notified event "kernel.response" to listener "Symfony\Bundle\WebProfilerBundle\EventListener\WebDebugToolbarListener::onKernelResponse".
2018-03-01T21:06:26+00:00 [debug] Notified event "kernel.response" to listener "Symfony\Component\HttpKernel\EventListener\SessionListener::onKernelResponse".
2018-03-01T21:06:26+00:00 [debug] Notified event "kernel.response" to listener "Symfony\Component\HttpKernel\EventListener\SaveSessionListener::onKernelResponse".
2018-03-01T21:06:26+00:00 [debug] Notified event "kernel.response" to listener "Symfony\Component\HttpKernel\EventListener\StreamedResponseListener::onKernelResponse".
2018-03-01T21:06:26+00:00 [debug] Notified event "kernel.finish_request" to listener "Symfony\Component\HttpKernel\EventListener\LocaleListener::onKernelFinishRequest".
2018-03-01T21:06:26+00:00 [debug] Notified event "kernel.finish_request" to listener "Symfony\Component\HttpKernel\EventListener\RouterListener::onKernelFinishRequest".
2018-03-01T21:06:26+00:00 [debug] Notified event "kernel.terminate" to listener "Symfony\Component\HttpKernel\EventListener\ProfilerListener::onKernelTerminate".
2018-03-01T21:06:32+00:00 [info] Matched route "_profiler".
2018-03-01T21:06:32+00:00 [debug] Notified event "kernel.request" to listener "Symfony\Component\HttpKernel\EventListener\DebugHandlersListener::configure".
2018-03-01T21:06:32+00:00 [debug] Notified event "kernel.request" to listener "Symfony\Component\HttpKernel\EventListener\ValidateRequestListener::onKernelRequest".
2018-03-01T21:06:32+00:00 [debug] Notified event "kernel.request" to listener "Symfony\Component\HttpKernel\EventListener\SessionListener::onKernelRequest".
2018-03-01T21:06:32+00:00 [debug] Notified event "kernel.request" to listener "Symfony\Component\HttpKernel\EventListener\RouterListener::onKernelRequest".
2018-03-01T21:06:32+00:00 [debug] Notified event "kernel.request" to listener "Symfony\Bundle\FrameworkBundle\EventListener\ResolveControllerNameSubscriber::onKernelRequest".
2018-03-01T21:06:32+00:00 [debug] Notified event "kernel.request" to listener "Symfony\Component\HttpKernel\EventListener\LocaleListener::onKernelRequest".
2018-03-01T21:06:32+00:00 [debug] Notified event "kernel.controller" to listener "Symfony\Bundle\FrameworkBundle\DataCollector\RouterDataCollector::onKernelController".
2018-03-01T21:06:32+00:00 [debug] Notified event "kernel.controller" to listener "Symfony\Bundle\FrameworkBundle\DataCollector\RequestDataCollector::onKernelController".
2018-03-01T21:06:32+00:00 [debug] Notified event "kernel.controller" to listener "Sensio\Bundle\FrameworkExtraBundle\EventListener\ControllerListener::onKernelController".
2018-03-01T21:06:32+00:00 [debug] Notified event "kernel.controller" to listener "Sensio\Bundle\FrameworkExtraBundle\EventListener\ParamConverterListener::onKernelController".
2018-03-01T21:06:32+00:00 [debug] Notified event "kernel.controller" to listener "Sensio\Bundle\FrameworkExtraBundle\EventListener\HttpCacheListener::onKernelController".
2018-03-01T21:06:32+00:00 [debug] Notified event "kernel.controller" to listener "Sensio\Bundle\FrameworkExtraBundle\EventListener\TemplateListener::onKernelController".
2018-03-01T21:06:32+00:00 [debug] Notified event "kernel.controller_arguments" to listener "Sensio\Bundle\FrameworkExtraBundle\EventListener\IsGrantedListener::onKernelControllerArguments".
2018-03-01T21:06:32+00:00 [info] Matched route "_profiler_search_bar".
2018-03-01T21:06:32+00:00 [debug] Notified event "kernel.request" to listener "Symfony\Component\HttpKernel\EventListener\DebugHandlersListener::configure".
2018-03-01T21:06:32+00:00 [debug] Notified event "kernel.request" to listener "Symfony\Component\HttpKernel\EventListener\ValidateRequestListener::onKernelRequest".
2018-03-01T21:06:32+00:00 [debug] Notified event "kernel.request" to listener "Symfony\Component\HttpKernel\EventListener\SessionListener::onKernelRequest".
2018-03-01T21:06:32+00:00 [debug] Notified event "kernel.request" to listener "Symfony\Component\HttpKernel\EventListener\RouterListener::onKernelRequest".
2018-03-01T21:06:32+00:00 [debug] Notified event "kernel.request" to listener "Symfony\Bundle\FrameworkBundle\EventListener\ResolveControllerNameSubscriber::onKernelRequest".
2018-03-01T21:06:32+00:00 [debug] Notified event "kernel.request" to listener "Symfony\Component\HttpKernel\EventListener\LocaleListener::onKernelRequest".
2018-03-01T21:06:32+00:00 [debug] Notified event "kernel.controller" to listener "Symfony\Bundle\FrameworkBundle\DataCollector\RouterDataCollector::onKernelController".
2018-03-01T21:06:32+00:00 [debug] Notified event "kernel.controller" to listener "Symfony\Bundle\FrameworkBundle\DataCollector\RequestDataCollector::onKernelController".
2018-03-01T21:06:32+00:00 [debug] Notified event "kernel.controller" to listener "Sensio\Bundle\FrameworkExtraBundle\EventListener\ControllerListener::onKernelController".
2018-03-01T21:06:32+00:00 [debug] Notified event "kernel.controller" to listener "Sensio\Bundle\FrameworkExtraBundle\EventListener\ParamConverterListener::onKernelController".
2018-03-01T21:06:32+00:00 [debug] Notified event "kernel.controller" to listener "Sensio\Bundle\FrameworkExtraBundle\EventListener\HttpCacheListener::onKernelController".
2018-03-01T21:06:32+00:00 [debug] Notified event "kernel.controller" to listener "Sensio\Bundle\FrameworkExtraBundle\EventListener\TemplateListener::onKernelController".
2018-03-01T21:06:32+00:00 [debug] Notified event "kernel.controller_arguments" to listener "Sensio\Bundle\FrameworkExtraBundle\EventListener\IsGrantedListener::onKernelControllerArguments".
2018-03-01T21:06:32+00:00 [debug] Notified event "kernel.response" to listener "Symfony\Component\HttpKernel\EventListener\ResponseListener::onKernelResponse".
2018-03-01T21:06:32+00:00 [debug] Notified event "kernel.response" to listener "Symfony\Bundle\FrameworkBundle\DataCollector\RequestDataCollector::onKernelResponse".
2018-03-01T21:06:32+00:00 [debug] Notified event "kernel.response" to listener "Sensio\Bundle\FrameworkExtraBundle\EventListener\HttpCacheListener::onKernelResponse".
2018-03-01T21:06:32+00:00 [debug] Notified event "kernel.response" to listener "Symfony\Component\HttpKernel\EventListener\ProfilerListener::onKernelResponse".
2018-03-01T21:06:32+00:00 [debug] Notified event "kernel.response" to listener "Symfony\Bundle\WebProfilerBundle\EventListener\WebDebugToolbarListener::onKernelResponse".
2018-03-01T21:06:32+00:00 [debug] Notified event "kernel.response" to listener "Symfony\Component\HttpKernel\EventListener\SessionListener::onKernelResponse".
2018-03-01T21:06:32+00:00 [debug] Notified event "kernel.response" to listener "Symfony\Component\HttpKernel\EventListener\SaveSessionListener::onKernelResponse".
2018-03-01T21:06:32+00:00 [debug] Notified event "kernel.response" to listener "Symfony\Component\HttpKernel\EventListener\StreamedResponseListener::onKernelResponse".
2018-03-01T21:06:32+00:00 [debug] Notified event "kernel.finish_request" to listener "Symfony\Component\HttpKernel\EventListener\LocaleListener::onKernelFinishRequest".
2018-03-01T21:06:32+00:00 [debug] Notified event "kernel.finish_request" to listener "Symfony\Component\HttpKernel\EventListener\RouterListener::onKernelFinishRequest".
2018-03-01T21:06:32+00:00 [info] Matched route "_profiler_router".
2018-03-01T21:06:32+00:00 [debug] Notified event "kernel.request" to listener "Symfony\Component\HttpKernel\EventListener\DebugHandlersListener::configure".
2018-03-01T21:06:32+00:00 [debug] Notified event "kernel.request" to listener "Symfony\Component\HttpKernel\EventListener\ValidateRequestListener::onKernelRequest".
2018-03-01T21:06:32+00:00 [debug] Notified event "kernel.request" to listener "Symfony\Component\HttpKernel\EventListener\SessionListener::onKernelRequest".
2018-03-01T21:06:32+00:00 [debug] Notified event "kernel.request" to listener "Symfony\Component\HttpKernel\EventListener\RouterListener::onKernelRequest".
2018-03-01T21:06:32+00:00 [debug] Notified event "kernel.request" to listener "Symfony\Bundle\FrameworkBundle\EventListener\ResolveControllerNameSubscriber::onKernelRequest".
2018-03-01T21:06:32+00:00 [debug] Notified event "kernel.request" to listener "Symfony\Component\HttpKernel\EventListener\LocaleListener::onKernelRequest".
2018-03-01T21:06:32+00:00 [debug] Notified event "kernel.controller" to listener "Symfony\Bundle\FrameworkBundle\DataCollector\RouterDataCollector::onKernelController".
2018-03-01T21:06:32+00:00 [debug] Notified event "kernel.controller" to listener "Symfony\Bundle\FrameworkBundle\DataCollector\RequestDataCollector::onKernelController".
2018-03-01T21:06:32+00:00 [debug] Notified event "kernel.controller" to listener "Sensio\Bundle\FrameworkExtraBundle\EventListener\ControllerListener::onKernelController".
2018-03-01T21:06:32+00:00 [debug] Notified event "kernel.controller" to listener "Sensio\Bundle\FrameworkExtraBundle\EventListener\ParamConverterListener::onKernelController".
2018-03-01T21:06:32+00:00 [debug] Notified event "kernel.controller" to listener "Sensio\Bundle\FrameworkExtraBundle\EventListener\HttpCacheListener::onKernelController".
2018-03-01T21:06:32+00:00 [debug] Notified event "kernel.controller" to listener "Sensio\Bundle\FrameworkExtraBundle\EventListener\TemplateListener::onKernelController".
2018-03-01T21:06:32+00:00 [debug] Notified event "kernel.controller_arguments" to listener "Sensio\Bundle\FrameworkExtraBundle\EventListener\IsGrantedListener::onKernelControllerArguments".
2018-03-01T21:06:33+00:00 [debug] Notified event "kernel.response" to listener "Symfony\Component\HttpKernel\EventListener\ResponseListener::onKernelResponse".
2018-03-01T21:06:33+00:00 [debug] Notified event "kernel.response" to listener "Symfony\Bundle\FrameworkBundle\DataCollector\RequestDataCollector::onKernelResponse".
2018-03-01T21:06:33+00:00 [debug] Notified event "kernel.response" to listener "Sensio\Bundle\FrameworkExtraBundle\EventListener\HttpCacheListener::onKernelResponse".
2018-03-01T21:06:33+00:00 [debug] Notified event "kernel.response" to listener "Symfony\Component\HttpKernel\EventListener\ProfilerListener::onKernelResponse".
2018-03-01T21:06:33+00:00 [debug] Notified event "kernel.response" to listener "Symfony\Bundle\WebProfilerBundle\EventListener\WebDebugToolbarListener::onKernelResponse".
2018-03-01T21:06:33+00:00 [debug] Notified event "kernel.response" to listener "Symfony\Component\HttpKernel\EventListener\SessionListener::onKernelResponse".
2018-03-01T21:06:33+00:00 [debug] Notified event "kernel.response" to listener "Symfony\Component\HttpKernel\EventListener\SaveSessionListener::onKernelResponse".
2018-03-01T21:06:33+00:00 [debug] Notified event "kernel.response" to listener "Symfony\Component\HttpKernel\EventListener\StreamedResponseListener::onKernelResponse".
2018-03-01T21:06:33+00:00 [debug] Notified event "kernel.finish_request" to listener "Symfony\Component\HttpKernel\EventListener\LocaleListener::onKernelFinishRequest".
2018-03-01T21:06:33+00:00 [debug] Notified event "kernel.finish_request" to listener "Symfony\Component\HttpKernel\EventListener\RouterListener::onKernelFinishRequest".
2018-03-01T21:06:33+00:00 [debug] Notified event "kernel.response" to listener "Symfony\Component\HttpKernel\EventListener\ResponseListener::onKernelResponse".
2018-03-01T21:06:33+00:00 [debug] Notified event "kernel.response" to listener "Symfony\Bundle\FrameworkBundle\DataCollector\RequestDataCollector::onKernelResponse".
2018-03-01T21:06:33+00:00 [debug] Notified event "kernel.response" to listener "Sensio\Bundle\FrameworkExtraBundle\EventListener\HttpCacheListener::onKernelResponse".
2018-03-01T21:06:33+00:00 [debug] Notified event "kernel.response" to listener "Symfony\Component\HttpKernel\EventListener\ProfilerListener::onKernelResponse".
2018-03-01T21:06:33+00:00 [debug] Notified event "kernel.response" to listener "Symfony\Bundle\WebProfilerBundle\EventListener\WebDebugToolbarListener::onKernelResponse".
2018-03-01T21:06:33+00:00 [debug] Notified event "kernel.response" to listener "Symfony\Component\HttpKernel\EventListener\SessionListener::onKernelResponse".
2018-03-01T21:06:33+00:00 [debug] Notified event "kernel.response" to listener "Symfony\Component\HttpKernel\EventListener\SaveSessionListener::onKernelResponse".
2018-03-01T21:06:33+00:00 [debug] Notified event "kernel.response" to listener "Symfony\Component\HttpKernel\EventListener\StreamedResponseListener::onKernelResponse".
2018-03-01T21:06:33+00:00 [debug] Notified event "kernel.finish_request" to listener "Symfony\Component\HttpKernel\EventListener\LocaleListener::onKernelFinishRequest".
2018-03-01T21:06:33+00:00 [debug] Notified event "kernel.finish_request" to listener "Symfony\Component\HttpKernel\EventListener\RouterListener::onKernelFinishRequest".
2018-03-01T21:06:33+00:00 [debug] Notified event "kernel.terminate" to listener "Symfony\Component\HttpKernel\EventListener\ProfilerListener::onKernelTerminate".
2018-03-01T21:06:41+00:00 [info] Matched route "_profiler".
2018-03-01T21:06:41+00:00 [debug] Notified event "kernel.request" to listener "Symfony\Component\HttpKernel\EventListener\DebugHandlersListener::configure".
2018-03-01T21:06:41+00:00 [debug] Notified event "kernel.request" to listener "Symfony\Component\HttpKernel\EventListener\ValidateRequestListener::onKernelRequest".
2018-03-01T21:06:41+00:00 [debug] Notified event "kernel.request" to listener "Symfony\Component\HttpKernel\EventListener\SessionListener::onKernelRequest".
2018-03-01T21:06:41+00:00 [debug] Notified event "kernel.request" to listener "Symfony\Component\HttpKernel\EventListener\RouterListener::onKernelRequest".
2018-03-01T21:06:41+00:00 [debug] Notified event "kernel.request" to listener "Symfony\Bundle\FrameworkBundle\EventListener\ResolveControllerNameSubscriber::onKernelRequest".
2018-03-01T21:06:41+00:00 [debug] Notified event "kernel.request" to listener "Symfony\Component\HttpKernel\EventListener\LocaleListener::onKernelRequest".
2018-03-01T21:06:41+00:00 [debug] Notified event "kernel.controller" to listener "Symfony\Bundle\FrameworkBundle\DataCollector\RouterDataCollector::onKernelController".
2018-03-01T21:06:41+00:00 [debug] Notified event "kernel.controller" to listener "Symfony\Bundle\FrameworkBundle\DataCollector\RequestDataCollector::onKernelController".
2018-03-01T21:06:41+00:00 [debug] Notified event "kernel.controller" to listener "Sensio\Bundle\FrameworkExtraBundle\EventListener\ControllerListener::onKernelController".
2018-03-01T21:06:41+00:00 [debug] Notified event "kernel.controller" to listener "Sensio\Bundle\FrameworkExtraBundle\EventListener\ParamConverterListener::onKernelController".
2018-03-01T21:06:41+00:00 [debug] Notified event "kernel.controller" to listener "Sensio\Bundle\FrameworkExtraBundle\EventListener\HttpCacheListener::onKernelController".
2018-03-01T21:06:41+00:00 [debug] Notified event "kernel.controller" to listener "Sensio\Bundle\FrameworkExtraBundle\EventListener\TemplateListener::onKernelController".
2018-03-01T21:06:41+00:00 [debug] Notified event "kernel.controller_arguments" to listener "Sensio\Bundle\FrameworkExtraBundle\EventListener\IsGrantedListener::onKernelControllerArguments".
2018-03-01T21:06:41+00:00 [info] Matched route "_profiler_search_bar".
2018-03-01T21:06:41+00:00 [debug] Notified event "kernel.request" to listener "Symfony\Component\HttpKernel\EventListener\DebugHandlersListener::configure".
2018-03-01T21:06:41+00:00 [debug] Notified event "kernel.request" to listener "Symfony\Component\HttpKernel\EventListener\ValidateRequestListener::onKernelRequest".
2018-03-01T21:06:41+00:00 [debug] Notified event "kernel.request" to listener "Symfony\Component\HttpKernel\EventListener\SessionListener::onKernelRequest".
2018-03-01T21:06:41+00:00 [debug] Notified event "kernel.request" to listener "Symfony\Component\HttpKernel\EventListener\RouterListener::onKernelRequest".
2018-03-01T21:06:41+00:00 [debug] Notified event "kernel.request" to listener "Symfony\Bundle\FrameworkBundle\EventListener\ResolveControllerNameSubscriber::onKernelRequest".
2018-03-01T21:06:41+00:00 [debug] Notified event "kernel.request" to listener "Symfony\Component\HttpKernel\EventListener\LocaleListener::onKernelRequest".
2018-03-01T21:06:41+00:00 [debug] Notified event "kernel.controller" to listener "Symfony\Bundle\FrameworkBundle\DataCollector\RouterDataCollector::onKernelController".
2018-03-01T21:06:41+00:00 [debug] Notified event "kernel.controller" to listener "Symfony\Bundle\FrameworkBundle\DataCollector\RequestDataCollector::onKernelController".
2018-03-01T21:06:41+00:00 [debug] Notified event "kernel.controller" to listener "Sensio\Bundle\FrameworkExtraBundle\EventListener\ControllerListener::onKernelController".
2018-03-01T21:06:41+00:00 [debug] Notified event "kernel.controller" to listener "Sensio\Bundle\FrameworkExtraBundle\EventListener\ParamConverterListener::onKernelController".
2018-03-01T21:06:41+00:00 [debug] Notified event "kernel.controller" to listener "Sensio\Bundle\FrameworkExtraBundle\EventListener\HttpCacheListener::onKernelController".
2018-03-01T21:06:41+00:00 [debug] Notified event "kernel.controller" to listener "Sensio\Bundle\FrameworkExtraBundle\EventListener\TemplateListener::onKernelController".
2018-03-01T21:06:41+00:00 [debug] Notified event "kernel.controller_arguments" to listener "Sensio\Bundle\FrameworkExtraBundle\EventListener\IsGrantedListener::onKernelControllerArguments".
2018-03-01T21:06:41+00:00 [debug] Notified event "kernel.response" to listener "Symfony\Component\HttpKernel\EventListener\ResponseListener::onKernelResponse".
2018-03-01T21:06:41+00:00 [debug] Notified event "kernel.response" to listener "Symfony\Bundle\FrameworkBundle\DataCollector\RequestDataCollector::onKernelResponse".
2018-03-01T21:06:41+00:00 [debug] Notified event "kernel.response" to listener "Sensio\Bundle\FrameworkExtraBundle\EventListener\HttpCacheListener::onKernelResponse".
2018-03-01T21:06:41+00:00 [debug] Notified event "kernel.response" to listener "Symfony\Component\HttpKernel\EventListener\ProfilerListener::onKernelResponse".
2018-03-01T21:06:41+00:00 [debug] Notified event "kernel.response" to listener "Symfony\Bundle\WebProfilerBundle\EventListener\WebDebugToolbarListener::onKernelResponse".
2018-03-01T21:06:41+00:00 [debug] Notified event "kernel.response" to listener "Symfony\Component\HttpKernel\EventListener\SessionListener::onKernelResponse".
2018-03-01T21:06:41+00:00 [debug] Notified event "kernel.response" to listener "Symfony\Component\HttpKernel\EventListener\SaveSessionListener::onKernelResponse".
2018-03-01T21:06:41+00:00 [debug] Notified event "kernel.response" to listener "Symfony\Component\HttpKernel\EventListener\StreamedResponseListener::onKernelResponse".
2018-03-01T21:06:41+00:00 [debug] Notified event "kernel.finish_request" to listener "Symfony\Component\HttpKernel\EventListener\LocaleListener::onKernelFinishRequest".
2018-03-01T21:06:41+00:00 [debug] Notified event "kernel.finish_request" to listener "Symfony\Component\HttpKernel\EventListener\RouterListener::onKernelFinishRequest".
2018-03-01T21:06:41+00:00 [debug] Notified event "kernel.response" to listener "Symfony\Component\HttpKernel\EventListener\ResponseListener::onKernelResponse".
2018-03-01T21:06:41+00:00 [debug] Notified event "kernel.response" to listener "Symfony\Bundle\FrameworkBundle\DataCollector\RequestDataCollector::onKernelResponse".
2018-03-01T21:06:41+00:00 [debug] Notified event "kernel.response" to listener "Sensio\Bundle\FrameworkExtraBundle\EventListener\HttpCacheListener::onKernelResponse".
2018-03-01T21:06:41+00:00 [debug] Notified event "kernel.response" to listener "Symfony\Component\HttpKernel\EventListener\ProfilerListener::onKernelResponse".
2018-03-01T21:06:41+00:00 [debug] Notified event "kernel.response" to listener "Symfony\Bundle\WebProfilerBundle\EventListener\WebDebugToolbarListener::onKernelResponse".
2018-03-01T21:06:41+00:00 [debug] Notified event "kernel.response" to listener "Symfony\Component\HttpKernel\EventListener\SessionListener::onKernelResponse".
2018-03-01T21:06:41+00:00 [debug] Notified event "kernel.response" to listener "Symfony\Component\HttpKernel\EventListener\SaveSessionListener::onKernelResponse".
2018-03-01T21:06:41+00:00 [debug] Notified event "kernel.response" to listener "Symfony\Component\HttpKernel\EventListener\StreamedResponseListener::onKernelResponse".
2018-03-01T21:06:41+00:00 [debug] Notified event "kernel.finish_request" to listener "Symfony\Component\HttpKernel\EventListener\LocaleListener::onKernelFinishRequest".
2018-03-01T21:06:41+00:00 [debug] Notified event "kernel.finish_request" to listener "Symfony\Component\HttpKernel\EventListener\RouterListener::onKernelFinishRequest".
2018-03-01T21:06:41+00:00 [debug] Notified event "kernel.terminate" to listener "Symfony\Component\HttpKernel\EventListener\ProfilerListener::onKernelTerminate".
2018-03-01T21:06:51+00:00 [info] Matched route "_profiler".
2018-03-01T21:06:51+00:00 [debug] Notified event "kernel.request" to listener "Symfony\Component\HttpKernel\EventListener\DebugHandlersListener::configure".
2018-03-01T21:06:51+00:00 [debug] Notified event "kernel.request" to listener "Symfony\Component\HttpKernel\EventListener\ValidateRequestListener::onKernelRequest".
2018-03-01T21:06:51+00:00 [debug] Notified event "kernel.request" to listener "Symfony\Component\HttpKernel\EventListener\SessionListener::onKernelRequest".
2018-03-01T21:06:51+00:00 [debug] Notified event "kernel.request" to listener "Symfony\Component\HttpKernel\EventListener\RouterListener::onKernelRequest".
2018-03-01T21:06:51+00:00 [debug] Notified event "kernel.request" to listener "Symfony\Bundle\FrameworkBundle\EventListener\ResolveControllerNameSubscriber::onKernelRequest".
2018-03-01T21:06:51+00:00 [debug] Notified event "kernel.request" to listener "Symfony\Component\HttpKernel\EventListener\LocaleListener::onKernelRequest".
2018-03-01T21:06:51+00:00 [debug] Notified event "kernel.controller" to listener "Symfony\Bundle\FrameworkBundle\DataCollector\RouterDataCollector::onKernelController".
2018-03-01T21:06:51+00:00 [debug] Notified event "kernel.controller" to listener "Symfony\Bundle\FrameworkBundle\DataCollector\RequestDataCollector::onKernelController".
2018-03-01T21:06:51+00:00 [debug] Notified event "kernel.controller" to listener "Sensio\Bundle\FrameworkExtraBundle\EventListener\ControllerListener::onKernelController".
2018-03-01T21:06:51+00:00 [debug] Notified event "kernel.controller" to listener "Sensio\Bundle\FrameworkExtraBundle\EventListener\ParamConverterListener::onKernelController".
2018-03-01T21:06:51+00:00 [debug] Notified event "kernel.controller" to listener "Sensio\Bundle\FrameworkExtraBundle\EventListener\HttpCacheListener::onKernelController".
2018-03-01T21:06:51+00:00 [debug] Notified event "kernel.controller" to listener "Sensio\Bundle\FrameworkExtraBundle\EventListener\TemplateListener::onKernelController".
2018-03-01T21:06:51+00:00 [debug] Notified event "kernel.controller_arguments" to listener "Sensio\Bundle\FrameworkExtraBundle\EventListener\IsGrantedListener::onKernelControllerArguments".
2018-03-01T21:06:51+00:00 [info] Matched route "_profiler_search_bar".
2018-03-01T21:06:51+00:00 [debug] Notified event "kernel.request" to listener "Symfony\Component\HttpKernel\EventListener\DebugHandlersListener::configure".
2018-03-01T21:06:51+00:00 [debug] Notified event "kernel.request" to listener "Symfony\Component\HttpKernel\EventListener\ValidateRequestListener::onKernelRequest".
2018-03-01T21:06:51+00:00 [debug] Notified event "kernel.request" to listener "Symfony\Component\HttpKernel\EventListener\SessionListener::onKernelRequest".
2018-03-01T21:06:51+00:00 [debug] Notified event "kernel.request" to listener "Symfony\Component\HttpKernel\EventListener\RouterListener::onKernelRequest".
2018-03-01T21:06:51+00:00 [debug] Notified event "kernel.request" to listener "Symfony\Bundle\FrameworkBundle\EventListener\ResolveControllerNameSubscriber::onKernelRequest".
2018-03-01T21:06:51+00:00 [debug] Notified event "kernel.request" to listener "Symfony\Component\HttpKernel\EventListener\LocaleListener::onKernelRequest".
2018-03-01T21:06:51+00:00 [debug] Notified event "kernel.controller" to listener "Symfony\Bundle\FrameworkBundle\DataCollector\RouterDataCollector::onKernelController".
2018-03-01T21:06:51+00:00 [debug] Notified event "kernel.controller" to listener "Symfony\Bundle\FrameworkBundle\DataCollector\RequestDataCollector::onKernelController".
2018-03-01T21:06:51+00:00 [debug] Notified event "kernel.controller" to listener "Sensio\Bundle\FrameworkExtraBundle\EventListener\ControllerListener::onKernelController".
2018-03-01T21:06:51+00:00 [debug] Notified event "kernel.controller" to listener "Sensio\Bundle\FrameworkExtraBundle\EventListener\ParamConverterListener::onKernelController".
2018-03-01T21:06:51+00:00 [debug] Notified event "kernel.controller" to listener "Sensio\Bundle\FrameworkExtraBundle\EventListener\HttpCacheListener::onKernelController".
2018-03-01T21:06:51+00:00 [debug] Notified event "kernel.controller" to listener "Sensio\Bundle\FrameworkExtraBundle\EventListener\TemplateListener::onKernelController".
2018-03-01T21:06:51+00:00 [debug] Notified event "kernel.controller_arguments" to listener "Sensio\Bundle\FrameworkExtraBundle\EventListener\IsGrantedListener::onKernelControllerArguments".
2018-03-01T21:06:51+00:00 [debug] Notified event "kernel.response" to listener "Symfony\Component\HttpKernel\EventListener\ResponseListener::onKernelResponse".
2018-03-01T21:06:51+00:00 [debug] Notified event "kernel.response" to listener "Symfony\Bundle\FrameworkBundle\DataCollector\RequestDataCollector::onKernelResponse".
2018-03-01T21:06:51+00:00 [debug] Notified event "kernel.response" to listener "Sensio\Bundle\FrameworkExtraBundle\EventListener\HttpCacheListener::onKernelResponse".
2018-03-01T21:06:51+00:00 [debug] Notified event "kernel.response" to listener "Symfony\Component\HttpKernel\EventListener\ProfilerListener::onKernelResponse".
2018-03-01T21:06:51+00:00 [debug] Notified event "kernel.response" to listener "Symfony\Bundle\WebProfilerBundle\EventListener\WebDebugToolbarListener::onKernelResponse".
2018-03-01T21:06:51+00:00 [debug] Notified event "kernel.response" to listener "Symfony\Component\HttpKernel\EventListener\SessionListener::onKernelResponse".
2018-03-01T21:06:51+00:00 [debug] Notified event "kernel.response" to listener "Symfony\Component\HttpKernel\EventListener\SaveSessionListener::onKernelResponse".
2018-03-01T21:06:51+00:00 [debug] Notified event "kernel.response" to listener "Symfony\Component\HttpKernel\EventListener\StreamedResponseListener::onKernelResponse".
2018-03-01T21:06:51+00:00 [debug] Notified event "kernel.finish_request" to listener "Symfony\Component\HttpKernel\EventListener\LocaleListener::onKernelFinishRequest".
2018-03-01T21:06:51+00:00 [debug] Notified event "kernel.finish_request" to listener "Symfony\Component\HttpKernel\EventListener\RouterListener::onKernelFinishRequest".
2018-03-01T21:06:51+00:00 [debug] Notified event "kernel.response" to listener "Symfony\Component\HttpKernel\EventListener\ResponseListener::onKernelResponse".
2018-03-01T21:06:51+00:00 [debug] Notified event "kernel.response" to listener "Symfony\Bundle\FrameworkBundle\DataCollector\RequestDataCollector::onKernelResponse".
2018-03-01T21:06:51+00:00 [debug] Notified event "kernel.response" to listener "Sensio\Bundle\FrameworkExtraBundle\EventListener\HttpCacheListener::onKernelResponse".
2018-03-01T21:06:51+00:00 [debug] Notified event "kernel.response" to listener "Symfony\Component\HttpKernel\EventListener\ProfilerListener::onKernelResponse".
2018-03-01T21:06:51+00:00 [debug] Notified event "kernel.response" to listener "Symfony\Bundle\WebProfilerBundle\EventListener\WebDebugToolbarListener::onKernelResponse".
2018-03-01T21:06:51+00:00 [debug] Notified event "kernel.response" to listener "Symfony\Component\HttpKernel\EventListener\SessionListener::onKernelResponse".
2018-03-01T21:06:51+00:00 [debug] Notified event "kernel.response" to listener "Symfony\Component\HttpKernel\EventListener\SaveSessionListener::onKernelResponse".
2018-03-01T21:06:51+00:00 [debug] Notified event "kernel.response" to listener "Symfony\Component\HttpKernel\EventListener\StreamedResponseListener::onKernelResponse".
2018-03-01T21:06:51+00:00 [debug] Notified event "kernel.finish_request" to listener "Symfony\Component\HttpKernel\EventListener\LocaleListener::onKernelFinishRequest".
2018-03-01T21:06:51+00:00 [debug] Notified event "kernel.finish_request" to listener "Symfony\Component\HttpKernel\EventListener\RouterListener::onKernelFinishRequest".
2018-03-01T21:06:51+00:00 [debug] Notified event "kernel.terminate" to listener "Symfony\Component\HttpKernel\EventListener\ProfilerListener::onKernelTerminate".
2018-03-01T21:07:14+00:00 [info] Matched route "_profiler".
2018-03-01T21:07:14+00:00 [debug] Notified event "kernel.request" to listener "Symfony\Component\HttpKernel\EventListener\DebugHandlersListener::configure".
2018-03-01T21:07:14+00:00 [debug] Notified event "kernel.request" to listener "Symfony\Component\HttpKernel\EventListener\ValidateRequestListener::onKernelRequest".
2018-03-01T21:07:14+00:00 [debug] Notified event "kernel.request" to listener "Symfony\Component\HttpKernel\EventListener\SessionListener::onKernelRequest".
2018-03-01T21:07:14+00:00 [debug] Notified event "kernel.request" to listener "Symfony\Component\HttpKernel\EventListener\RouterListener::onKernelRequest".
2018-03-01T21:07:14+00:00 [debug] Notified event "kernel.request" to listener "Symfony\Bundle\FrameworkBundle\EventListener\ResolveControllerNameSubscriber::onKernelRequest".
2018-03-01T21:07:14+00:00 [debug] Notified event "kernel.request" to listener "Symfony\Component\HttpKernel\EventListener\LocaleListener::onKernelRequest".
2018-03-01T21:07:14+00:00 [debug] Notified event "kernel.controller" to listener "Symfony\Bundle\FrameworkBundle\DataCollector\RouterDataCollector::onKernelController".
2018-03-01T21:07:14+00:00 [debug] Notified event "kernel.controller" to listener "Symfony\Bundle\FrameworkBundle\DataCollector\RequestDataCollector::onKernelController".
2018-03-01T21:07:14+00:00 [debug] Notified event "kernel.controller" to listener "Sensio\Bundle\FrameworkExtraBundle\EventListener\ControllerListener::onKernelController".
2018-03-01T21:07:14+00:00 [debug] Notified event "kernel.controller" to listener "Sensio\Bundle\FrameworkExtraBundle\EventListener\ParamConverterListener::onKernelController".
2018-03-01T21:07:14+00:00 [debug] Notified event "kernel.controller" to listener "Sensio\Bundle\FrameworkExtraBundle\EventListener\HttpCacheListener::onKernelController".
2018-03-01T21:07:14+00:00 [debug] Notified event "kernel.controller" to listener "Sensio\Bundle\FrameworkExtraBundle\EventListener\TemplateListener::onKernelController".
2018-03-01T21:07:14+00:00 [debug] Notified event "kernel.controller_arguments" to listener "Sensio\Bundle\FrameworkExtraBundle\EventListener\IsGrantedListener::onKernelControllerArguments".
2018-03-01T21:07:14+00:00 [info] Matched route "_profiler_search_bar".
2018-03-01T21:07:14+00:00 [debug] Notified event "kernel.request" to listener "Symfony\Component\HttpKernel\EventListener\DebugHandlersListener::configure".
2018-03-01T21:07:14+00:00 [debug] Notified event "kernel.request" to listener "Symfony\Component\HttpKernel\EventListener\ValidateRequestListener::onKernelRequest".
2018-03-01T21:07:14+00:00 [debug] Notified event "kernel.request" to listener "Symfony\Component\HttpKernel\EventListener\SessionListener::onKernelRequest".
2018-03-01T21:07:14+00:00 [debug] Notified event "kernel.request" to listener "Symfony\Component\HttpKernel\EventListener\RouterListener::onKernelRequest".
2018-03-01T21:07:14+00:00 [debug] Notified event "kernel.request" to listener "Symfony\Bundle\FrameworkBundle\EventListener\ResolveControllerNameSubscriber::onKernelRequest".
2018-03-01T21:07:14+00:00 [debug] Notified event "kernel.request" to listener "Symfony\Component\HttpKernel\EventListener\LocaleListener::onKernelRequest".
2018-03-01T21:07:14+00:00 [debug] Notified event "kernel.controller" to listener "Symfony\Bundle\FrameworkBundle\DataCollector\RouterDataCollector::onKernelController".
2018-03-01T21:07:14+00:00 [debug] Notified event "kernel.controller" to listener "Symfony\Bundle\FrameworkBundle\DataCollector\RequestDataCollector::onKernelController".
2018-03-01T21:07:14+00:00 [debug] Notified event "kernel.controller" to listener "Sensio\Bundle\FrameworkExtraBundle\EventListener\ControllerListener::onKernelController".
2018-03-01T21:07:14+00:00 [debug] Notified event "kernel.controller" to listener "Sensio\Bundle\FrameworkExtraBundle\EventListener\ParamConverterListener::onKernelController".
2018-03-01T21:07:14+00:00 [debug] Notified event "kernel.controller" to listener "Sensio\Bundle\FrameworkExtraBundle\EventListener\HttpCacheListener::onKernelController".
2018-03-01T21:07:14+00:00 [debug] Notified event "kernel.controller" to listener "Sensio\Bundle\FrameworkExtraBundle\EventListener\TemplateListener::onKernelController".
2018-03-01T21:07:14+00:00 [debug] Notified event "kernel.controller_arguments" to listener "Sensio\Bundle\FrameworkExtraBundle\EventListener\IsGrantedListener::onKernelControllerArguments".
2018-03-01T21:07:14+00:00 [debug] Notified event "kernel.response" to listener "Symfony\Component\HttpKernel\EventListener\ResponseListener::onKernelResponse".
2018-03-01T21:07:14+00:00 [debug] Notified event "kernel.response" to listener "Symfony\Bundle\FrameworkBundle\DataCollector\RequestDataCollector::onKernelResponse".
2018-03-01T21:07:14+00:00 [debug] Notified event "kernel.response" to listener "Sensio\Bundle\FrameworkExtraBundle\EventListener\HttpCacheListener::onKernelResponse".
2018-03-01T21:07:14+00:00 [debug] Notified event "kernel.response" to listener "Symfony\Component\HttpKernel\EventListener\ProfilerListener::onKernelResponse".
2018-03-01T21:07:14+00:00 [debug] Notified event "kernel.response" to listener "Symfony\Bundle\WebProfilerBundle\EventListener\WebDebugToolbarListener::onKernelResponse".
2018-03-01T21:07:14+00:00 [debug] Notified event "kernel.response" to listener "Symfony\Component\HttpKernel\EventListener\SessionListener::onKernelResponse".
2018-03-01T21:07:14+00:00 [debug] Notified event "kernel.response" to listener "Symfony\Component\HttpKernel\EventListener\SaveSessionListener::onKernelResponse".
2018-03-01T21:07:14+00:00 [debug] Notified event "kernel.response" to listener "Symfony\Component\HttpKernel\EventListener\StreamedResponseListener::onKernelResponse".
2018-03-01T21:07:14+00:00 [debug] Notified event "kernel.finish_request" to listener "Symfony\Component\HttpKernel\EventListener\LocaleListener::onKernelFinishRequest".
2018-03-01T21:07:14+00:00 [debug] Notified event "kernel.finish_request" to listener "Symfony\Component\HttpKernel\EventListener\RouterListener::onKernelFinishRequest".
2018-03-01T21:07:14+00:00 [debug] Notified event "kernel.response" to listener "Symfony\Component\HttpKernel\EventListener\ResponseListener::onKernelResponse".
2018-03-01T21:07:14+00:00 [debug] Notified event "kernel.response" to listener "Symfony\Bundle\FrameworkBundle\DataCollector\RequestDataCollector::onKernelResponse".
2018-03-01T21:07:14+00:00 [debug] Notified event "kernel.response" to listener "Sensio\Bundle\FrameworkExtraBundle\EventListener\HttpCacheListener::onKernelResponse".
2018-03-01T21:07:14+00:00 [debug] Notified event "kernel.response" to listener "Symfony\Component\HttpKernel\EventListener\ProfilerListener::onKernelResponse".
2018-03-01T21:07:14+00:00 [debug] Notified event "kernel.response" to listener "Symfony\Bundle\WebProfilerBundle\EventListener\WebDebugToolbarListener::onKernelResponse".
2018-03-01T21:07:14+00:00 [debug] Notified event "kernel.response" to listener "Symfony\Component\HttpKernel\EventListener\SessionListener::onKernelResponse".
2018-03-01T21:07:14+00:00 [debug] Notified event "kernel.response" to listener "Symfony\Component\HttpKernel\EventListener\SaveSessionListener::onKernelResponse".
2018-03-01T21:07:14+00:00 [debug] Notified event "kernel.response" to listener "Symfony\Component\HttpKernel\EventListener\StreamedResponseListener::onKernelResponse".
2018-03-01T21:07:14+00:00 [debug] Notified event "kernel.finish_request" to listener "Symfony\Component\HttpKernel\EventListener\LocaleListener::onKernelFinishRequest".
2018-03-01T21:07:14+00:00 [debug] Notified event "kernel.finish_request" to listener "Symfony\Component\HttpKernel\EventListener\RouterListener::onKernelFinishRequest".
2018-03-01T21:07:14+00:00 [debug] Notified event "kernel.terminate" to listener "Symfony\Component\HttpKernel\EventListener\ProfilerListener::onKernelTerminate".
2018-03-01T21:07:27+00:00 [info] Matched route "app_naty_homepage".
2018-03-01T21:07:27+00:00 [debug] Notified event "kernel.request" to listener "Symfony\Component\HttpKernel\EventListener\DebugHandlersListener::configure".
2018-03-01T21:07:27+00:00 [debug] Notified event "kernel.request" to listener "Symfony\Component\HttpKernel\EventListener\ValidateRequestListener::onKernelRequest".
2018-03-01T21:07:27+00:00 [debug] Notified event "kernel.request" to listener "Symfony\Component\HttpKernel\EventListener\SessionListener::onKernelRequest".
2018-03-01T21:07:27+00:00 [debug] Notified event "kernel.request" to listener "Symfony\Component\HttpKernel\EventListener\RouterListener::onKernelRequest".
2018-03-01T21:07:27+00:00 [debug] Notified event "kernel.request" to listener "Symfony\Bundle\FrameworkBundle\EventListener\ResolveControllerNameSubscriber::onKernelRequest".
2018-03-01T21:07:27+00:00 [debug] Notified event "kernel.request" to listener "Symfony\Component\HttpKernel\EventListener\LocaleListener::onKernelRequest".
2018-03-01T21:07:27+00:00 [debug] Notified event "kernel.controller" to listener "Symfony\Bundle\FrameworkBundle\DataCollector\RouterDataCollector::onKernelController".
2018-03-01T21:07:27+00:00 [debug] Notified event "kernel.controller" to listener "Symfony\Bundle\FrameworkBundle\DataCollector\RequestDataCollector::onKernelController".
2018-03-01T21:07:27+00:00 [debug] Notified event "kernel.controller" to listener "Sensio\Bundle\FrameworkExtraBundle\EventListener\ControllerListener::onKernelController".
2018-03-01T21:07:27+00:00 [debug] Notified event "kernel.controller" to listener "Sensio\Bundle\FrameworkExtraBundle\EventListener\ParamConverterListener::onKernelController".
2018-03-01T21:07:27+00:00 [debug] Notified event "kernel.controller" to listener "Sensio\Bundle\FrameworkExtraBundle\EventListener\HttpCacheListener::onKernelController".
2018-03-01T21:07:27+00:00 [debug] Notified event "kernel.controller" to listener "Sensio\Bundle\FrameworkExtraBundle\EventListener\TemplateListener::onKernelController".
2018-03-01T21:07:27+00:00 [debug] Notified event "kernel.controller_arguments" to listener "Sensio\Bundle\FrameworkExtraBundle\EventListener\IsGrantedListener::onKernelControllerArguments".
2018-03-01T21:07:27+00:00 [debug] Notified event "kernel.response" to listener "Symfony\Component\HttpKernel\EventListener\ResponseListener::onKernelResponse".
2018-03-01T21:07:27+00:00 [debug] Notified event "kernel.response" to listener "Symfony\Bundle\FrameworkBundle\DataCollector\RequestDataCollector::onKernelResponse".
2018-03-01T21:07:27+00:00 [debug] Notified event "kernel.response" to listener "Sensio\Bundle\FrameworkExtraBundle\EventListener\HttpCacheListener::onKernelResponse".
2018-03-01T21:07:27+00:00 [debug] Notified event "kernel.response" to listener "Symfony\Component\HttpKernel\EventListener\ProfilerListener::onKernelResponse".
2018-03-01T21:07:27+00:00 [debug] Notified event "kernel.response" to listener "Symfony\Bundle\WebProfilerBundle\EventListener\WebDebugToolbarListener::onKernelResponse".
2018-03-01T21:07:27+00:00 [debug] Notified event "kernel.response" to listener "Symfony\Component\HttpKernel\EventListener\SessionListener::onKernelResponse".
2018-03-01T21:07:27+00:00 [debug] Notified event "kernel.response" to listener "Symfony\Component\HttpKernel\EventListener\SaveSessionListener::onKernelResponse".
2018-03-01T21:07:27+00:00 [debug] Notified event "kernel.response" to listener "Symfony\Component\HttpKernel\EventListener\StreamedResponseListener::onKernelResponse".
2018-03-01T21:07:27+00:00 [debug] Notified event "kernel.finish_request" to listener "Symfony\Component\HttpKernel\EventListener\LocaleListener::onKernelFinishRequest".
2018-03-01T21:07:27+00:00 [debug] Notified event "kernel.finish_request" to listener "Symfony\Component\HttpKernel\EventListener\RouterListener::onKernelFinishRequest".
2018-03-01T21:07:27+00:00 [debug] Notified event "kernel.terminate" to listener "Symfony\Component\HttpKernel\EventListener\ProfilerListener::onKernelTerminate".
2018-03-01T21:07:27+00:00 [info] Matched route "_wdt".
2018-03-01T21:07:27+00:00 [debug] Notified event "kernel.request" to listener "Symfony\Component\HttpKernel\EventListener\DebugHandlersListener::configure".
2018-03-01T21:07:27+00:00 [debug] Notified event "kernel.request" to listener "Symfony\Component\HttpKernel\EventListener\ValidateRequestListener::onKernelRequest".
2018-03-01T21:07:27+00:00 [debug] Notified event "kernel.request" to listener "Symfony\Component\HttpKernel\EventListener\SessionListener::onKernelRequest".
2018-03-01T21:07:27+00:00 [debug] Notified event "kernel.request" to listener "Symfony\Component\HttpKernel\EventListener\RouterListener::onKernelRequest".
2018-03-01T21:07:27+00:00 [debug] Notified event "kernel.request" to listener "Symfony\Bundle\FrameworkBundle\EventListener\ResolveControllerNameSubscriber::onKernelRequest".
2018-03-01T21:07:27+00:00 [debug] Notified event "kernel.request" to listener "Symfony\Component\HttpKernel\EventListener\LocaleListener::onKernelRequest".
2018-03-01T21:07:27+00:00 [debug] Notified event "kernel.controller" to listener "Symfony\Bundle\FrameworkBundle\DataCollector\RouterDataCollector::onKernelController".
2018-03-01T21:07:27+00:00 [debug] Notified event "kernel.controller" to listener "Symfony\Bundle\FrameworkBundle\DataCollector\RequestDataCollector::onKernelController".
2018-03-01T21:07:27+00:00 [debug] Notified event "kernel.controller" to listener "Sensio\Bundle\FrameworkExtraBundle\EventListener\ControllerListener::onKernelController".
2018-03-01T21:07:27+00:00 [debug] Notified event "kernel.controller" to listener "Sensio\Bundle\FrameworkExtraBundle\EventListener\ParamConverterListener::onKernelController".
2018-03-01T21:07:27+00:00 [debug] Notified event "kernel.controller" to listener "Sensio\Bundle\FrameworkExtraBundle\EventListener\HttpCacheListener::onKernelController".
2018-03-01T21:07:27+00:00 [debug] Notified event "kernel.controller" to listener "Sensio\Bundle\FrameworkExtraBundle\EventListener\TemplateListener::onKernelController".
2018-03-01T21:07:27+00:00 [debug] Notified event "kernel.controller_arguments" to listener "Sensio\Bundle\FrameworkExtraBundle\EventListener\IsGrantedListener::onKernelControllerArguments".
2018-03-01T21:07:27+00:00 [debug] Notified event "kernel.response" to listener "Symfony\Component\HttpKernel\EventListener\ResponseListener::onKernelResponse".
2018-03-01T21:07:27+00:00 [debug] Notified event "kernel.response" to listener "Symfony\Bundle\FrameworkBundle\DataCollector\RequestDataCollector::onKernelResponse".
2018-03-01T21:07:27+00:00 [debug] Notified event "kernel.response" to listener "Sensio\Bundle\FrameworkExtraBundle\EventListener\HttpCacheListener::onKernelResponse".
2018-03-01T21:07:27+00:00 [debug] Notified event "kernel.response" to listener "Symfony\Component\HttpKernel\EventListener\ProfilerListener::onKernelResponse".
2018-03-01T21:07:27+00:00 [debug] Notified event "kernel.response" to listener "Symfony\Bundle\WebProfilerBundle\EventListener\WebDebugToolbarListener::onKernelResponse".
2018-03-01T21:07:27+00:00 [debug] Notified event "kernel.response" to listener "Symfony\Component\HttpKernel\EventListener\SessionListener::onKernelResponse".
2018-03-01T21:07:27+00:00 [debug] Notified event "kernel.response" to listener "Symfony\Component\HttpKernel\EventListener\SaveSessionListener::onKernelResponse".
2018-03-01T21:07:27+00:00 [debug] Notified event "kernel.response" to listener "Symfony\Component\HttpKernel\EventListener\StreamedResponseListener::onKernelResponse".
2018-03-01T21:07:27+00:00 [debug] Notified event "kernel.finish_request" to listener "Symfony\Component\HttpKernel\EventListener\LocaleListener::onKernelFinishRequest".
2018-03-01T21:07:27+00:00 [debug] Notified event "kernel.finish_request" to listener "Symfony\Component\HttpKernel\EventListener\RouterListener::onKernelFinishRequest".
2018-03-01T21:07:27+00:00 [debug] Notified event "kernel.terminate" to listener "Symfony\Component\HttpKernel\EventListener\ProfilerListener::onKernelTerminate".
